<?xml version="1.0" encoding="UTF-8"?>
<robot generator="Robot 3.1.2 (Python 3.7.4 on darwin)" generated="20190830 16:07:43.755" rpa="false">
<suite id="s1" name="Cases" source="/Users/linguowei/PycharmProjects/robotframe/cases">
<suite id="s1-s1" name="D-空白数据" source="/Users/linguowei/PycharmProjects/robotframe/cases/d-空白数据">
<suite id="s1-s1-s1" name="D-登录采购人角色" source="/Users/linguowei/PycharmProjects/robotframe/cases/d-空白数据/d-登录采购人角色">
<suite id="s1-s1-s1-s1" name="登录" source="/Users/linguowei/PycharmProjects/robotframe/cases/d-空白数据/d-登录采购人角色/登录.robot">
<test id="s1-s1-s1-s1-t1" name="登录采购人角色 - tc00001">
<kw name="Ini Pages" library="conftest">
<arguments>
<arg>admin</arg>
<arg>123456</arg>
</arguments>
<msg timestamp="20190830 16:07:43.870" level="INFO">------------open browser------------</msg>
<msg timestamp="20190830 16:07:46.684" level="INFO">加载测试地址:http://tzagriculture.test.al8l.com/login.html</msg>
<msg timestamp="20190830 16:07:46.685" level="INFO">开始登录</msg>
<msg timestamp="20190830 16:07:46.685" level="INFO">输入用户名:admin</msg>
<msg timestamp="20190830 16:07:46.790" level="INFO">输入密码:123456</msg>
<msg timestamp="20190830 16:07:46.860" level="INFO">点击登录按钮</msg>
<status status="PASS" starttime="20190830 16:07:43.869" endtime="20190830 16:07:56.654"></status>
</kw>
<kw name="Close Driver" library="conftest">
<status status="PASS" starttime="20190830 16:07:56.654" endtime="20190830 16:07:56.741"></status>
</kw>
<status status="PASS" starttime="20190830 16:07:43.868" endtime="20190830 16:07:56.742" critical="yes"></status>
</test>
<status status="PASS" starttime="20190830 16:07:43.779" endtime="20190830 16:07:56.743"></status>
</suite>
<status status="PASS" starttime="20190830 16:07:43.777" endtime="20190830 16:07:56.745"></status>
</suite>
<status status="PASS" starttime="20190830 16:07:43.776" endtime="20190830 16:07:56.748"></status>
</suite>
<status status="PASS" starttime="20190830 16:07:43.757" endtime="20190830 16:07:56.749"></status>
</suite>
<statistics>
<total>
<stat pass="1" fail="0">Critical Tests</stat>
<stat pass="1" fail="0">All Tests</stat>
</total>
<tag>
</tag>
<suite>
<stat pass="1" fail="0" id="s1" name="Cases">Cases</stat>
<stat pass="1" fail="0" id="s1-s1" name="D-空白数据">Cases.D-空白数据</stat>
<stat pass="1" fail="0" id="s1-s1-s1" name="D-登录采购人角色">Cases.D-空白数据.D-登录采购人角色</stat>
<stat pass="1" fail="0" id="s1-s1-s1-s1" name="登录">Cases.D-空白数据.D-登录采购人角色.登录</stat>
</suite>
</statistics>
<errors>
</errors>
</robot>
