<?xml version="1.0" encoding="UTF-8"?>
<robot generator="Robot 3.1.2 (Python 3.7.4 on darwin)" generated="20190830 16:30:06.946" rpa="false">
<suite id="s1" name="Cases" source="/Users/linguowei/PycharmProjects/robotframe/cases">
<suite id="s1-s1" name="D-空白数据" source="/Users/linguowei/PycharmProjects/robotframe/cases/d-空白数据">
<kw name="Open Driver" library="pylib.login" type="setup">
<arguments>
<arg>dri</arg>
</arguments>
<msg timestamp="20190830 16:30:07.056" level="INFO">------------open browser------------</msg>
<msg timestamp="20190830 16:30:09.061" level="INFO">${dri} = &lt;selenium.webdriver.chrome.webdriver.WebDriver (session="7d520ce91233e0f4347c322885903e19")&gt;</msg>
<status status="PASS" starttime="20190830 16:30:07.056" endtime="20190830 16:30:09.061"></status>
</kw>
<suite id="s1-s1-s1" name="D-登录采购人角色" source="/Users/linguowei/PycharmProjects/robotframe/cases/d-空白数据/d-登录采购人角色">
<suite id="s1-s1-s1-s1" name="登录" source="/Users/linguowei/PycharmProjects/robotframe/cases/d-空白数据/d-登录采购人角色/登录.robot">
<test id="s1-s1-s1-s1-t1" name="登录采购人角色 - tc00001">
<kw name="Open Url" library="pages.loginPage.LoginPage">
<msg timestamp="20190830 16:30:09.555" level="INFO">加载测试地址:http://tzagriculture.test.al8l.com/login.html</msg>
<status status="PASS" starttime="20190830 16:30:09.076" endtime="20190830 16:30:09.555"></status>
</kw>
<kw name="Login" library="pages.loginPage.LoginPage">
<arguments>
<arg>admin</arg>
<arg>123456</arg>
</arguments>
<msg timestamp="20190830 16:30:09.556" level="INFO">开始登录</msg>
<msg timestamp="20190830 16:30:09.556" level="INFO">输入用户名:admin</msg>
<msg timestamp="20190830 16:30:09.662" level="INFO">输入密码:123456</msg>
<msg timestamp="20190830 16:30:09.735" level="INFO">点击登录按钮</msg>
<status status="PASS" starttime="20190830 16:30:09.556" endtime="20190830 16:30:19.210"></status>
</kw>
<kw name="Del Cookie" library="pylib.login">
<status status="PASS" starttime="20190830 16:30:19.210" endtime="20190830 16:30:19.221"></status>
</kw>
<status status="PASS" starttime="20190830 16:30:09.074" endtime="20190830 16:30:19.222" critical="yes"></status>
</test>
<status status="PASS" starttime="20190830 16:30:09.065" endtime="20190830 16:30:19.222"></status>
</suite>
<status status="PASS" starttime="20190830 16:30:09.062" endtime="20190830 16:30:19.224"></status>
</suite>
<status status="PASS" starttime="20190830 16:30:06.967" endtime="20190830 16:30:19.226"></status>
</suite>
<status status="PASS" starttime="20190830 16:30:06.947" endtime="20190830 16:30:19.228"></status>
</suite>
<statistics>
<total>
<stat pass="1" fail="0">Critical Tests</stat>
<stat pass="1" fail="0">All Tests</stat>
</total>
<tag>
</tag>
<suite>
<stat pass="1" fail="0" id="s1" name="Cases">Cases</stat>
<stat pass="1" fail="0" id="s1-s1" name="D-空白数据">Cases.D-空白数据</stat>
<stat pass="1" fail="0" id="s1-s1-s1" name="D-登录采购人角色">Cases.D-空白数据.D-登录采购人角色</stat>
<stat pass="1" fail="0" id="s1-s1-s1-s1" name="登录">Cases.D-空白数据.D-登录采购人角色.登录</stat>
</suite>
</statistics>
<errors>
</errors>
</robot>
